Using pre-set license
Built from '2020.2/release' branch; Version is '2020.2.1f1 (270dd8c3da1c) revision 2559448'; Using compiler version '192528614'; Build Type 'Release'
OS: 'Windows 10  (10.0.0) 64bit' Language: 'en' Physical Memory: 8036 MB
BatchMode: 1, IsHumanControllingUs: 0, StartBugReporterOnCrash: 0, Is64bit: 1, IsPro: 0

 COMMAND LINE ARGUMENTS:
C:\Program Files\Unity\Hub\Editor\2020.2.1f1\Editor\Unity.exe
-adb2
-batchMode
-noUpm
-name
AssetImportWorker0
-projectPath
C:/Users/Bjay/Desktop/AppliedPhysics/EMC134P/Summing_Forces
-logFile
Logs/AssetImportWorker0.log
-srvPort
56407
Successfully changed project path to: C:/Users/Bjay/Desktop/AppliedPhysics/EMC134P/Summing_Forces
C:/Users/Bjay/Desktop/AppliedPhysics/EMC134P/Summing_Forces
Using Asset Import Pipeline V2.
Refreshing native plugins compatible for Editor in 21.92 ms, found 0 plugins.
Preloading 0 native plugins for Editor in 0.00 ms.
Initialize engine version: 2020.2.1f1 (270dd8c3da1c)
[Subsystems] Discovering subsystems at path C:/Program Files/Unity/Hub/Editor/2020.2.1f1/Editor/Data/Resources/UnitySubsystems
[Subsystems] Discovering subsystems at path C:/Users/Bjay/Desktop/AppliedPhysics/EMC134P/Summing_Forces/Assets
GfxDevice: creating device client; threaded=0
Direct3D:
    Version:  Direct3D 11.0 [level 11.1]
    Renderer: NVIDIA GeForce GTX 1660 Ti (ID=0x2191)
    Vendor:   
    VRAM:     5991 MB
    Driver:   27.21.14.5206
Initialize mono
Mono path[0] = 'C:/Program Files/Unity/Hub/Editor/2020.2.1f1/Editor/Data/Managed'
Mono path[1] = 'C:/Program Files/Unity/Hub/Editor/2020.2.1f1/Editor/Data/MonoBleedingEdge/lib/mono/unityjit'
Mono config path = 'C:/Program Files/Unity/Hub/Editor/2020.2.1f1/Editor/Data/MonoBleedingEdge/etc'
Using monoOptions --debugger-agent=transport=dt_socket,embedding=1,server=y,suspend=n,address=127.0.0.1:56592
Begin MonoManager ReloadAssembly
Registering precompiled unity dll's ...
Register platform support module: C:/Program Files/Unity/Hub/Editor/2020.2.1f1/Editor/Data/PlaybackEngines/WindowsStandaloneSupport/UnityEditor.WindowsStandalone.Extensions.dll
Registered in 0.001467 seconds.
Native extension for WindowsStandalone target not found
Refreshing native plugins compatible for Editor in 36.09 ms, found 0 plugins.
Preloading 0 native plugins for Editor in 0.00 ms.
Invoked RoslynAnalysisRunner static constructor.
RoslynAnalysisRunner will not be running.
RoslynAnalysisRunner has terminated.
Mono: successfully reloaded assembly
- Completed reload, in  0.968 seconds
Platform modules already initialized, skipping
Registering precompiled user dll's ...
Registered in 0.000866 seconds.
Begin MonoManager ReloadAssembly
Native extension for WindowsStandalone target not found
Refreshing native plugins compatible for Editor in 0.21 ms, found 0 plugins.
Preloading 0 native plugins for Editor in 0.00 ms.
Invoked RoslynAnalysisRunner static constructor.
RoslynAnalysisRunner will not be running.
RoslynAnalysisRunner has terminated.
Mono: successfully reloaded assembly
- Completed reload, in  0.702 seconds
Platform modules already initialized, skipping
========================================================================
Worker process is ready to serve import requests
Launched and connected shader compiler UnityShaderCompiler.exe after 0.05 seconds
Refreshing native plugins compatible for Editor in 0.21 ms, found 0 plugins.
Preloading 0 native plugins for Editor in 0.00 ms.
Unloading 1097 Unused Serialized files (Serialized files now loaded: 0)
System memory in use before: 56.6 MB.
System memory in use after: 56.7 MB.

Unloading 10 unused Assets to reduce memory usage. Loaded Objects now: 1540.
Total: 1.726900 ms (FindLiveObjects: 0.152800 ms CreateObjectMapping: 0.046700 ms MarkObjects: 1.474900 ms  DeleteObjects: 0.051500 ms)

========================================================================
Received Import Request.
  path: Assets/SpaceFighter/FighterPrefabs/FighterLowPrefab.prefab
  artifactKey: Guid(a05129996ff473e41b080df163292620) Importer(815301076,1909f56bfc062723c751e8b465ee728b)
Start importing Assets/SpaceFighter/FighterPrefabs/FighterLowPrefab.prefab using Guid(a05129996ff473e41b080df163292620) Importer(815301076,1909f56bfc062723c751e8b465ee728b)  -> (artifact id: '4937eb3cf9db6cbbae2441614e0ec116') in 0.044604 seconds
  Import took 0.046837 seconds .

========================================================================
Received Import Request.
  Time since last request: 0.000254 seconds.
  path: Assets/SpaceFighter/FighterPrefabs
  artifactKey: Guid(18cac94bc06553b4991fb633cd19ab3e) Importer(815301076,1909f56bfc062723c751e8b465ee728b)
Start importing Assets/SpaceFighter/FighterPrefabs using Guid(18cac94bc06553b4991fb633cd19ab3e) Importer(815301076,1909f56bfc062723c751e8b465ee728b)  -> (artifact id: '2dcd35cdcd64c3aaae42b61d91899994') in 0.005755 seconds
  Import took 0.007570 seconds .

========================================================================
Received Import Request.
  Time since last request: 5.793500 seconds.
  path: Assets/SpaceFighter/Art Assets
  artifactKey: Guid(8f32b1d390d080c44b164b5d0e50f190) Importer(815301076,1909f56bfc062723c751e8b465ee728b)
Start importing Assets/SpaceFighter/Art Assets using Guid(8f32b1d390d080c44b164b5d0e50f190) Importer(815301076,1909f56bfc062723c751e8b465ee728b)  -> (artifact id: '63f9abaaf1fbc785700dedd407f46cd2') in 0.007395 seconds
  Import took 0.009935 seconds .

========================================================================
Received Import Request.
  Time since last request: 0.000433 seconds.
  path: Assets/SpaceFighter/Art Assets
  artifactKey: Guid(8f32b1d390d080c44b164b5d0e50f190) Importer(815301076,1909f56bfc062723c751e8b465ee728b)
Start importing Assets/SpaceFighter/Art Assets using Guid(8f32b1d390d080c44b164b5d0e50f190) Importer(815301076,1909f56bfc062723c751e8b465ee728b)  -> (artifact id: '63f9abaaf1fbc785700dedd407f46cd2') in 0.006875 seconds
  Import took 0.010268 seconds .

========================================================================
Received Import Request.
  Time since last request: 0.041899 seconds.
  path: Assets/SpaceFighter/Art Assets/FighterLow_FBX.fbx
  artifactKey: Guid(6f679f9f2b4323f4eb8c1e642c986c87) Importer(815301076,1909f56bfc062723c751e8b465ee728b)
Start importing Assets/SpaceFighter/Art Assets/FighterLow_FBX.fbx using Guid(6f679f9f2b4323f4eb8c1e642c986c87) Importer(815301076,1909f56bfc062723c751e8b465ee728b)  -> (artifact id: 'b6efacafe9e4a4b009439131ec7fa7c7') in 0.200735 seconds
  Import took 0.202840 seconds .

========================================================================
Received Import Request.
  Time since last request: 25.890121 seconds.
  path: Assets/SpaceFighter/Art Assets/Textures
  artifactKey: Guid(ae7cdf43d4d9c4144b93e9d278e812eb) Importer(815301076,1909f56bfc062723c751e8b465ee728b)
Start importing Assets/SpaceFighter/Art Assets/Textures using Guid(ae7cdf43d4d9c4144b93e9d278e812eb) Importer(815301076,1909f56bfc062723c751e8b465ee728b)  -> (artifact id: '9bc3df436739865fdb0d9555d56e3f6a') in 0.008411 seconds
  Import took 0.012744 seconds .

========================================================================
Received Import Request.
  Time since last request: 1.194091 seconds.
  path: Assets/SpaceFighter/Art Assets/Materials
  artifactKey: Guid(723cc9e0e52de04478e411e3c8a23f22) Importer(815301076,1909f56bfc062723c751e8b465ee728b)
Start importing Assets/SpaceFighter/Art Assets/Materials using Guid(723cc9e0e52de04478e411e3c8a23f22) Importer(815301076,1909f56bfc062723c751e8b465ee728b)  -> (artifact id: 'da63cff34ee0444effe99f43110295f8') in 0.009286 seconds
  Import took 0.013744 seconds .

========================================================================
Received Import Request.
  Time since last request: 0.005534 seconds.
  path: Assets/SpaceFighter/Art Assets/Materials
  artifactKey: Guid(723cc9e0e52de04478e411e3c8a23f22) Importer(815301076,1909f56bfc062723c751e8b465ee728b)
Start importing Assets/SpaceFighter/Art Assets/Materials using Guid(723cc9e0e52de04478e411e3c8a23f22) Importer(815301076,1909f56bfc062723c751e8b465ee728b)  -> (artifact id: 'da63cff34ee0444effe99f43110295f8') in 0.004305 seconds
  Import took 0.006497 seconds .

========================================================================
Received Import Request.
  Time since last request: 46.178606 seconds.
  path: Assets/Scripts/AlertMessage.cs
  artifactKey: Guid(5231053caca1f224a86b68a58aa59cc6) Importer(815301076,1909f56bfc062723c751e8b465ee728b)
Start importing Assets/Scripts/AlertMessage.cs using Guid(5231053caca1f224a86b68a58aa59cc6) Importer(815301076,1909f56bfc062723c751e8b465ee728b)  -> (artifact id: 'c1b564162e7d8c1149177f0c64f3891e') in 0.020111 seconds
  Import took 0.021992 seconds .

========================================================================
Received Import Request.
  Time since last request: 0.009577 seconds.
  path: Assets/Scripts/AlertMessage.cs
  artifactKey: Guid(5231053caca1f224a86b68a58aa59cc6) Importer(815301076,1909f56bfc062723c751e8b465ee728b)
Start importing Assets/Scripts/AlertMessage.cs using Guid(5231053caca1f224a86b68a58aa59cc6) Importer(815301076,1909f56bfc062723c751e8b465ee728b)  -> (artifact id: 'c1b564162e7d8c1149177f0c64f3891e') in 0.002812 seconds
  Import took 0.004572 seconds .

========================================================================
Received Prepare
Registering precompiled user dll's ...
Registered in 0.001652 seconds.
Begin MonoManager ReloadAssembly
Native extension for WindowsStandalone target not found
Refreshing native plugins compatible for Editor in 0.19 ms, found 0 plugins.
Preloading 0 native plugins for Editor in 0.00 ms.
Invoked RoslynAnalysisRunner static constructor.
RoslynAnalysisRunner will not be running.
RoslynAnalysisRunner has terminated.
Mono: successfully reloaded assembly
- Completed reload, in  0.711 seconds
Platform modules already initialized, skipping
Refreshing native plugins compatible for Editor in 0.21 ms, found 0 plugins.
Preloading 0 native plugins for Editor in 0.00 ms.
Unloading 1092 Unused Serialized files (Serialized files now loaded: 0)
System memory in use before: 60.5 MB.
System memory in use after: 60.6 MB.

Unloading 5 unused Assets to reduce memory usage. Loaded Objects now: 1554.
Total: 1.668800 ms (FindLiveObjects: 0.134900 ms CreateObjectMapping: 0.041500 ms MarkObjects: 1.445100 ms  DeleteObjects: 0.046300 ms)

========================================================================
Received Prepare
Registering precompiled user dll's ...
Registered in 0.001375 seconds.
Begin MonoManager ReloadAssembly
Native extension for WindowsStandalone target not found
Refreshing native plugins compatible for Editor in 0.19 ms, found 0 plugins.
Preloading 0 native plugins for Editor in 0.00 ms.
Invoked RoslynAnalysisRunner static constructor.
RoslynAnalysisRunner will not be running.
RoslynAnalysisRunner has terminated.
Mono: successfully reloaded assembly
- Completed reload, in  0.679 seconds
Platform modules already initialized, skipping
Refreshing native plugins compatible for Editor in 0.21 ms, found 0 plugins.
Preloading 0 native plugins for Editor in 0.00 ms.
Unloading 1092 Unused Serialized files (Serialized files now loaded: 0)
System memory in use before: 60.7 MB.
System memory in use after: 60.8 MB.

Unloading 5 unused Assets to reduce memory usage. Loaded Objects now: 1556.
Total: 1.611100 ms (FindLiveObjects: 0.145600 ms CreateObjectMapping: 0.033200 ms MarkObjects: 1.394400 ms  DeleteObjects: 0.037000 ms)

========================================================================
Received Import Request.
  Time since last request: 235.687952 seconds.
  path: Assets/Skybox
  artifactKey: Guid(254fe67a8f85f3841af9960fbb7a4f8c) Importer(815301076,1909f56bfc062723c751e8b465ee728b)
Start importing Assets/Skybox using Guid(254fe67a8f85f3841af9960fbb7a4f8c) Importer(815301076,1909f56bfc062723c751e8b465ee728b)  -> (artifact id: '01c42f68df17a13d465878d971bc7e34') in 0.010138 seconds
  Import took 0.012935 seconds .

========================================================================
Received Import Request.
  Time since last request: 0.001373 seconds.
  path: Assets/Skybox
  artifactKey: Guid(254fe67a8f85f3841af9960fbb7a4f8c) Importer(815301076,1909f56bfc062723c751e8b465ee728b)
Start importing Assets/Skybox using Guid(254fe67a8f85f3841af9960fbb7a4f8c) Importer(815301076,1909f56bfc062723c751e8b465ee728b)  -> (artifact id: '01c42f68df17a13d465878d971bc7e34') in 0.005424 seconds
  Import took 0.007492 seconds .

========================================================================
Received Import Request.
  Time since last request: 51.517796 seconds.
  path: Assets/Skybox/Scifi city.jpg
  artifactKey: Guid(cc16061cf9f3ebe4ab26759ba0cfb19f) Importer(815301076,1909f56bfc062723c751e8b465ee728b)
Start importing Assets/Skybox/Scifi city.jpg using Guid(cc16061cf9f3ebe4ab26759ba0cfb19f) Importer(815301076,1909f56bfc062723c751e8b465ee728b)  -> (artifact id: '090b18c814457f59a1a39d6577799f8a') in 0.065593 seconds
  Import took 0.067929 seconds .

========================================================================
Received Import Request.
  Time since last request: 10.878013 seconds.
  path: Assets/SpaceFighter/Art Assets/Materials/FighterLow.mat
  artifactKey: Guid(b65b0e1de3c01d646b5a7739befebcb6) Importer(815301076,1909f56bfc062723c751e8b465ee728b)
Start importing Assets/SpaceFighter/Art Assets/Materials/FighterLow.mat using Guid(b65b0e1de3c01d646b5a7739befebcb6) Importer(815301076,1909f56bfc062723c751e8b465ee728b)  -> (artifact id: '69147cb4041919d6e9ed44512986dae9') in 0.069830 seconds
  Import took 0.072707 seconds .

========================================================================
Received Import Request.
  Time since last request: 0.000593 seconds.
  path: Assets/SpaceFighter/Art Assets/Materials/FighterLow.mat
  artifactKey: Guid(b65b0e1de3c01d646b5a7739befebcb6) Importer(815301076,1909f56bfc062723c751e8b465ee728b)
Start importing Assets/SpaceFighter/Art Assets/Materials/FighterLow.mat using Guid(b65b0e1de3c01d646b5a7739befebcb6) Importer(815301076,1909f56bfc062723c751e8b465ee728b)  -> (artifact id: '69147cb4041919d6e9ed44512986dae9') in 0.019301 seconds
  Import took 0.021809 seconds .

========================================================================
Received Prepare
Registering precompiled user dll's ...
Registered in 0.000541 seconds.
Begin MonoManager ReloadAssembly
Native extension for WindowsStandalone target not found
Refreshing native plugins compatible for Editor in 0.20 ms, found 0 plugins.
Preloading 0 native plugins for Editor in 0.00 ms.
Invoked RoslynAnalysisRunner static constructor.
RoslynAnalysisRunner will not be running.
RoslynAnalysisRunner has terminated.
Mono: successfully reloaded assembly
- Completed reload, in  0.656 seconds
Platform modules already initialized, skipping
Refreshing native plugins compatible for Editor in 0.21 ms, found 0 plugins.
Preloading 0 native plugins for Editor in 0.00 ms.
Unloading 1092 Unused Serialized files (Serialized files now loaded: 0)
System memory in use before: 61.0 MB.
System memory in use after: 61.1 MB.

Unloading 5 unused Assets to reduce memory usage. Loaded Objects now: 1594.
Total: 1.598000 ms (FindLiveObjects: 0.125900 ms CreateObjectMapping: 0.032700 ms MarkObjects: 1.395300 ms  DeleteObjects: 0.042600 ms)

========================================================================
Received Import Request.
  Time since last request: 199.650905 seconds.
  path: Assets/Skybox/sunset.hdr
  artifactKey: Guid(f89f66fb70fa1574db3dd3390c6baab1) Importer(815301076,1909f56bfc062723c751e8b465ee728b)
Start importing Assets/Skybox/sunset.hdr using Guid(f89f66fb70fa1574db3dd3390c6baab1) Importer(815301076,1909f56bfc062723c751e8b465ee728b)  -> (artifact id: '78f760096c270aee2f162e7614692fc5') in 0.067487 seconds
  Import took 0.070831 seconds .

========================================================================
Received Import Request.
  Time since last request: 59.409128 seconds.
  path: Assets/Skybox/Materials
  artifactKey: Guid(6743718943197fe4d9c677069b910800) Importer(815301076,1909f56bfc062723c751e8b465ee728b)
Start importing Assets/Skybox/Materials using Guid(6743718943197fe4d9c677069b910800) Importer(815301076,1909f56bfc062723c751e8b465ee728b)  -> (artifact id: 'c7fb288c41bb8957f6c98f0fb37dadda') in 0.002751 seconds
  Import took 0.004791 seconds .

========================================================================
Received Import Request.
  Time since last request: 0.074107 seconds.
  path: Assets/Skybox/Materials/sunset.mat
  artifactKey: Guid(4a831acdbd591f9488068edcb506af05) Importer(815301076,1909f56bfc062723c751e8b465ee728b)
Start importing Assets/Skybox/Materials/sunset.mat using Guid(4a831acdbd591f9488068edcb506af05) Importer(815301076,1909f56bfc062723c751e8b465ee728b)  -> (artifact id: '3d8a7a979c89c38f345c9d4f659567bb') in 0.072293 seconds
  Import took 0.074703 seconds .

========================================================================
Received Import Request.
  Time since last request: 210.739454 seconds.
  path: Assets/Skybox/Cubemaps
  artifactKey: Guid(05ed5ae0357ba2b42acc61e9297be678) Importer(815301076,1909f56bfc062723c751e8b465ee728b)
Start importing Assets/Skybox/Cubemaps using Guid(05ed5ae0357ba2b42acc61e9297be678) Importer(815301076,1909f56bfc062723c751e8b465ee728b)  -> (artifact id: '19ae9b7ac8aab24afd965fb95bf8a0f0') in 0.007714 seconds
  Import took 0.012934 seconds .

========================================================================
Received Import Request.
  Time since last request: 0.055777 seconds.
  path: Assets/Skybox/Cubemaps/daytime.hdr
  artifactKey: Guid(1cde0e200e792cb4491204276a656490) Importer(815301076,1909f56bfc062723c751e8b465ee728b)
Start importing Assets/Skybox/Cubemaps/daytime.hdr using Guid(1cde0e200e792cb4491204276a656490) Importer(815301076,1909f56bfc062723c751e8b465ee728b)  -> (artifact id: '9907a3328ede056f7d111e93e615d420') in 0.083537 seconds
  Import took 0.088023 seconds .

========================================================================
Received Import Request.
  Time since last request: 0.000234 seconds.
  path: Assets/Skybox/Cubemaps/sunset.hdr
  artifactKey: Guid(656a59a5ff93c46498416d97e5c16b66) Importer(815301076,1909f56bfc062723c751e8b465ee728b)
Start importing Assets/Skybox/Cubemaps/sunset.hdr using Guid(656a59a5ff93c46498416d97e5c16b66) Importer(815301076,1909f56bfc062723c751e8b465ee728b)  -> (artifact id: '05c131e4eac62d41ddcb8a28e8f82156') in 0.065971 seconds
  Import took 0.070047 seconds .

========================================================================
Received Import Request.
  Time since last request: 6.682763 seconds.
  path: Assets/Skybox/Materials/Skybox_Daytime.mat
  artifactKey: Guid(71f14a2d79f732f4d9893ef1b911f4ff) Importer(815301076,1909f56bfc062723c751e8b465ee728b)
Start importing Assets/Skybox/Materials/Skybox_Daytime.mat using Guid(71f14a2d79f732f4d9893ef1b911f4ff) Importer(815301076,1909f56bfc062723c751e8b465ee728b)  -> (artifact id: 'b50008f3652639f4ae9b0b50b5e2f9c6') in 0.052428 seconds
  Import took 0.056883 seconds .

========================================================================
Received Import Request.
  Time since last request: 0.000295 seconds.
  path: Assets/Skybox/Materials/Skybox_Sunset.mat
  artifactKey: Guid(4067de1a02072244798361060c5e7325) Importer(815301076,1909f56bfc062723c751e8b465ee728b)
Start importing Assets/Skybox/Materials/Skybox_Sunset.mat using Guid(4067de1a02072244798361060c5e7325) Importer(815301076,1909f56bfc062723c751e8b465ee728b)  -> (artifact id: '8a889001b4f884104c54fd295b33fcd3') in 0.057088 seconds
  Import took 0.061118 seconds .

========================================================================
Received Prepare
Registering precompiled user dll's ...
Registered in 0.000558 seconds.
Begin MonoManager ReloadAssembly
Native extension for WindowsStandalone target not found
Refreshing native plugins compatible for Editor in 0.25 ms, found 0 plugins.
Preloading 0 native plugins for Editor in 0.00 ms.
Invoked RoslynAnalysisRunner static constructor.
RoslynAnalysisRunner will not be running.
RoslynAnalysisRunner has terminated.
Mono: successfully reloaded assembly
- Completed reload, in  0.697 seconds
Platform modules already initialized, skipping
Refreshing native plugins compatible for Editor in 0.21 ms, found 0 plugins.
Preloading 0 native plugins for Editor in 0.00 ms.
Unloading 1092 Unused Serialized files (Serialized files now loaded: 0)
System memory in use before: 61.3 MB.
System memory in use after: 61.4 MB.

Unloading 5 unused Assets to reduce memory usage. Loaded Objects now: 1600.
Total: 1.589500 ms (FindLiveObjects: 0.144800 ms CreateObjectMapping: 0.031700 ms MarkObjects: 1.373900 ms  DeleteObjects: 0.038100 ms)

AssetImportWorkerClient::OnTransportError - code=2 error=End of file
