Using pre-set license
Built from '2020.2/release' branch; Version is '2020.2.1f1 (270dd8c3da1c) revision 2559448'; Using compiler version '192528614'; Build Type 'Release'
OS: 'Windows 10  (10.0.0) 64bit' Language: 'en' Physical Memory: 8036 MB
BatchMode: 1, IsHumanControllingUs: 0, StartBugReporterOnCrash: 0, Is64bit: 1, IsPro: 0

 COMMAND LINE ARGUMENTS:
C:\Program Files\Unity\Hub\Editor\2020.2.1f1\Editor\Unity.exe
-adb2
-batchMode
-noUpm
-name
AssetImportWorker0
-projectPath
C:/Users/Bjay/Desktop/AppliedPhysics/EMC134P/Summing_Forces
-logFile
Logs/AssetImportWorker0.log
-srvPort
56130
Successfully changed project path to: C:/Users/Bjay/Desktop/AppliedPhysics/EMC134P/Summing_Forces
C:/Users/Bjay/Desktop/AppliedPhysics/EMC134P/Summing_Forces
Using Asset Import Pipeline V2.
Refreshing native plugins compatible for Editor in 29.38 ms, found 0 plugins.
Preloading 0 native plugins for Editor in 0.00 ms.
Initialize engine version: 2020.2.1f1 (270dd8c3da1c)
[Subsystems] Discovering subsystems at path C:/Program Files/Unity/Hub/Editor/2020.2.1f1/Editor/Data/Resources/UnitySubsystems
[Subsystems] Discovering subsystems at path C:/Users/Bjay/Desktop/AppliedPhysics/EMC134P/Summing_Forces/Assets
GfxDevice: creating device client; threaded=0
Direct3D:
    Version:  Direct3D 11.0 [level 11.1]
    Renderer: NVIDIA GeForce GTX 1660 Ti (ID=0x2191)
    Vendor:   
    VRAM:     5991 MB
    Driver:   27.21.14.5206
Initialize mono
Mono path[0] = 'C:/Program Files/Unity/Hub/Editor/2020.2.1f1/Editor/Data/Managed'
Mono path[1] = 'C:/Program Files/Unity/Hub/Editor/2020.2.1f1/Editor/Data/MonoBleedingEdge/lib/mono/unityjit'
Mono config path = 'C:/Program Files/Unity/Hub/Editor/2020.2.1f1/Editor/Data/MonoBleedingEdge/etc'
Using monoOptions --debugger-agent=transport=dt_socket,embedding=1,server=y,suspend=n,address=127.0.0.1:56984
Begin MonoManager ReloadAssembly
Registering precompiled unity dll's ...
Register platform support module: C:/Program Files/Unity/Hub/Editor/2020.2.1f1/Editor/Data/PlaybackEngines/WindowsStandaloneSupport/UnityEditor.WindowsStandalone.Extensions.dll
Registered in 0.001459 seconds.
Native extension for WindowsStandalone target not found
Refreshing native plugins compatible for Editor in 24.88 ms, found 0 plugins.
Preloading 0 native plugins for Editor in 0.00 ms.
Invoked RoslynAnalysisRunner static constructor.
RoslynAnalysisRunner will not be running.
RoslynAnalysisRunner has terminated.
Mono: successfully reloaded assembly
- Completed reload, in  0.955 seconds
Platform modules already initialized, skipping
Registering precompiled user dll's ...
Registered in 0.000670 seconds.
Begin MonoManager ReloadAssembly
Native extension for WindowsStandalone target not found
Refreshing native plugins compatible for Editor in 0.29 ms, found 0 plugins.
Preloading 0 native plugins for Editor in 0.00 ms.
Invoked RoslynAnalysisRunner static constructor.
RoslynAnalysisRunner will not be running.
RoslynAnalysisRunner has terminated.
Mono: successfully reloaded assembly
- Completed reload, in  0.804 seconds
Platform modules already initialized, skipping
========================================================================
Worker process is ready to serve import requests
Launched and connected shader compiler UnityShaderCompiler.exe after 0.08 seconds
Refreshing native plugins compatible for Editor in 0.38 ms, found 0 plugins.
Preloading 0 native plugins for Editor in 0.00 ms.
Unloading 1099 Unused Serialized files (Serialized files now loaded: 0)
System memory in use before: 56.7 MB.
System memory in use after: 56.7 MB.

Unloading 10 unused Assets to reduce memory usage. Loaded Objects now: 1542.
Total: 1.678100 ms (FindLiveObjects: 0.200000 ms CreateObjectMapping: 0.113100 ms MarkObjects: 1.312300 ms  DeleteObjects: 0.051700 ms)

========================================================================
Received Import Request.
  path: Assets/SpaceSkies Free/Demo
  artifactKey: Guid(cc334bd236c9bf24ba99adf4a2ef3a9d) Importer(815301076,1909f56bfc062723c751e8b465ee728b)
Start importing Assets/SpaceSkies Free/Demo using Guid(cc334bd236c9bf24ba99adf4a2ef3a9d) Importer(815301076,1909f56bfc062723c751e8b465ee728b)  -> (artifact id: 'b79395fa79784f45f0e0dd8cb0f8287a') in 0.009356 seconds
  Import took 0.012111 seconds .

========================================================================
Received Prepare
Registering precompiled user dll's ...
Registered in 0.000993 seconds.
Begin MonoManager ReloadAssembly
Native extension for WindowsStandalone target not found
Refreshing native plugins compatible for Editor in 0.33 ms, found 0 plugins.
Preloading 0 native plugins for Editor in 0.00 ms.
Invoked RoslynAnalysisRunner static constructor.
RoslynAnalysisRunner will not be running.
RoslynAnalysisRunner has terminated.
Mono: successfully reloaded assembly
- Completed reload, in  0.966 seconds
Platform modules already initialized, skipping
Refreshing native plugins compatible for Editor in 0.39 ms, found 0 plugins.
Preloading 0 native plugins for Editor in 0.00 ms.
Unloading 1092 Unused Serialized files (Serialized files now loaded: 0)
System memory in use before: 56.7 MB.
System memory in use after: 56.8 MB.

Unloading 7 unused Assets to reduce memory usage. Loaded Objects now: 1542.
Total: 2.816600 ms (FindLiveObjects: 0.125900 ms CreateObjectMapping: 0.072100 ms MarkObjects: 2.505200 ms  DeleteObjects: 0.111800 ms)

========================================================================
Received Import Request.
  Time since last request: 15.869107 seconds.
  path: Assets/SpaceSkies Free/Skybox_3
  artifactKey: Guid(da48edec3727e0348984027af04fd4ff) Importer(815301076,1909f56bfc062723c751e8b465ee728b)
Start importing Assets/SpaceSkies Free/Skybox_3 using Guid(da48edec3727e0348984027af04fd4ff) Importer(815301076,1909f56bfc062723c751e8b465ee728b)  -> (artifact id: 'ac322e7200be3142a92cf64cde475858') in 0.009128 seconds
  Import took 0.011935 seconds .

========================================================================
Received Import Request.
  Time since last request: 0.004542 seconds.
  path: Assets/SpaceSkies Free/Skybox_3
  artifactKey: Guid(da48edec3727e0348984027af04fd4ff) Importer(815301076,1909f56bfc062723c751e8b465ee728b)
Start importing Assets/SpaceSkies Free/Skybox_3 using Guid(da48edec3727e0348984027af04fd4ff) Importer(815301076,1909f56bfc062723c751e8b465ee728b)  -> (artifact id: 'ac322e7200be3142a92cf64cde475858') in 0.003062 seconds
  Import took 0.005198 seconds .

========================================================================
Received Import Request.
  Time since last request: 10.544020 seconds.
  path: Assets/SpaceSkies Free/Skybox_2/Textures
  artifactKey: Guid(62315499e7bf73d4ca2e0334daa77789) Importer(815301076,1909f56bfc062723c751e8b465ee728b)
Start importing Assets/SpaceSkies Free/Skybox_2/Textures using Guid(62315499e7bf73d4ca2e0334daa77789) Importer(815301076,1909f56bfc062723c751e8b465ee728b)  -> (artifact id: 'a7b731d1424441e622f328ce48ad91f1') in 0.013327 seconds
  Import took 0.018651 seconds .

========================================================================
Received Import Request.
  Time since last request: 2.158811 seconds.
  path: Assets/SpaceSkies Free/Skybox_2/Textures/1K_Resolution
  artifactKey: Guid(bf8eed9c0fb60c14ca520b4a95f714a7) Importer(815301076,1909f56bfc062723c751e8b465ee728b)
Start importing Assets/SpaceSkies Free/Skybox_2/Textures/1K_Resolution using Guid(bf8eed9c0fb60c14ca520b4a95f714a7) Importer(815301076,1909f56bfc062723c751e8b465ee728b)  -> (artifact id: '45d2c65057a2116511cfda024d9e84fe') in 0.011555 seconds
  Import took 0.016308 seconds .

========================================================================
Received Import Request.
  Time since last request: 0.207410 seconds.
  path: Assets/SpaceSkies Free/Skybox_2/Textures/1K_Resolution/Back_1K_TEX.png
  artifactKey: Guid(7f70ef9b5ccc29d499ca59165e47fb77) Importer(815301076,1909f56bfc062723c751e8b465ee728b)
Start importing Assets/SpaceSkies Free/Skybox_2/Textures/1K_Resolution/Back_1K_TEX.png using Guid(7f70ef9b5ccc29d499ca59165e47fb77) Importer(815301076,1909f56bfc062723c751e8b465ee728b)  -> (artifact id: '693a5d20c4a314237a465d6fb59625b8') in 0.118942 seconds
  Import took 0.121411 seconds .

========================================================================
Received Import Request.
  Time since last request: 0.000206 seconds.
  path: Assets/SpaceSkies Free/Skybox_2/Textures/1K_Resolution/Right_1K_TEX.png
  artifactKey: Guid(35535e5f5785f7e4c8a49bc17d76554e) Importer(815301076,1909f56bfc062723c751e8b465ee728b)
Start importing Assets/SpaceSkies Free/Skybox_2/Textures/1K_Resolution/Right_1K_TEX.png using Guid(35535e5f5785f7e4c8a49bc17d76554e) Importer(815301076,1909f56bfc062723c751e8b465ee728b)  -> (artifact id: '626ff2825db7994be046ac4aee108db9') in 0.030260 seconds
  Import took 0.033889 seconds .

========================================================================
Received Import Request.
  Time since last request: 0.000298 seconds.
  path: Assets/SpaceSkies Free/Skybox_2/Textures/1K_Resolution/Left_1K_TEX.png
  artifactKey: Guid(d993ced003ce4db428db820c5408c06c) Importer(815301076,1909f56bfc062723c751e8b465ee728b)
Start importing Assets/SpaceSkies Free/Skybox_2/Textures/1K_Resolution/Left_1K_TEX.png using Guid(d993ced003ce4db428db820c5408c06c) Importer(815301076,1909f56bfc062723c751e8b465ee728b)  -> (artifact id: '7b6c92839b9887ef1b0f8a3515900336') in 0.026366 seconds
  Import took 0.029214 seconds .

========================================================================
Received Import Request.
  Time since last request: 0.001056 seconds.
  path: Assets/SpaceSkies Free/Skybox_2/Textures/1K_Resolution/Front_1K_TEX.png
  artifactKey: Guid(186352de5993ec44c850bc5286ebcc36) Importer(815301076,1909f56bfc062723c751e8b465ee728b)
Start importing Assets/SpaceSkies Free/Skybox_2/Textures/1K_Resolution/Front_1K_TEX.png using Guid(186352de5993ec44c850bc5286ebcc36) Importer(815301076,1909f56bfc062723c751e8b465ee728b)  -> (artifact id: 'e35a51d047850036ee2b7cbba9b82837') in 0.028719 seconds
  Import took 0.031716 seconds .

========================================================================
Received Import Request.
  Time since last request: 0.000347 seconds.
  path: Assets/SpaceSkies Free/Skybox_2/Textures/1K_Resolution/Down_1K_TEX.png
  artifactKey: Guid(f2df341f63f55624dad25163e8c063ac) Importer(815301076,1909f56bfc062723c751e8b465ee728b)
Start importing Assets/SpaceSkies Free/Skybox_2/Textures/1K_Resolution/Down_1K_TEX.png using Guid(f2df341f63f55624dad25163e8c063ac) Importer(815301076,1909f56bfc062723c751e8b465ee728b)  -> (artifact id: '1b3d89aaf526e19ba7abec00796fd586') in 0.032937 seconds
  Import took 0.037020 seconds .

========================================================================
Received Import Request.
  Time since last request: 0.000561 seconds.
  path: Assets/SpaceSkies Free/Skybox_2/Textures/1K_Resolution/Up_1K_TEX.png
  artifactKey: Guid(de08a4479f1bab54f83be26de404f384) Importer(815301076,1909f56bfc062723c751e8b465ee728b)
Start importing Assets/SpaceSkies Free/Skybox_2/Textures/1K_Resolution/Up_1K_TEX.png using Guid(de08a4479f1bab54f83be26de404f384) Importer(815301076,1909f56bfc062723c751e8b465ee728b)  -> (artifact id: 'ab908d86f2aad0218abc7297468f060d') in 0.026953 seconds
  Import took 0.029156 seconds .

========================================================================
Received Import Request.
  Time since last request: 0.001944 seconds.
  path: Assets/SpaceSkies Free/Skybox_2/Textures/1K_Resolution/Up_1K_TEX.png
  artifactKey: Guid(de08a4479f1bab54f83be26de404f384) Importer(815301076,1909f56bfc062723c751e8b465ee728b)
Start importing Assets/SpaceSkies Free/Skybox_2/Textures/1K_Resolution/Up_1K_TEX.png using Guid(de08a4479f1bab54f83be26de404f384) Importer(815301076,1909f56bfc062723c751e8b465ee728b)  -> (artifact id: 'ab908d86f2aad0218abc7297468f060d') in 0.019173 seconds
  Import took 0.022921 seconds .

========================================================================
Received Import Request.
  Time since last request: 50.280962 seconds.
  path: Assets/Textures
  artifactKey: Guid(3a3949759d6754e46a6dfdf0274af66f) Importer(815301076,1909f56bfc062723c751e8b465ee728b)
Start importing Assets/Textures using Guid(3a3949759d6754e46a6dfdf0274af66f) Importer(815301076,1909f56bfc062723c751e8b465ee728b)  -> (artifact id: '289653d5bbb684e28eb959f43f4be6d0') in 0.007532 seconds
  Import took 0.014331 seconds .

========================================================================
Received Import Request.
  Time since last request: 0.046934 seconds.
  path: Assets/Textures/Football.png
  artifactKey: Guid(70ad1eb51865d4543b0c689617fe67fc) Importer(815301076,1909f56bfc062723c751e8b465ee728b)
Start importing Assets/Textures/Football.png using Guid(70ad1eb51865d4543b0c689617fe67fc) Importer(815301076,1909f56bfc062723c751e8b465ee728b)  -> (artifact id: '319d4ded43fd844f5a97b98f560e5dc7') in 0.027052 seconds
  Import took 0.029814 seconds .

========================================================================
Received Import Request.
  Time since last request: 11.480579 seconds.
  path: Assets/SpaceFighter/Art Assets
  artifactKey: Guid(5b7b8a17fb87fb544ae37c1840eadc23) Importer(815301076,1909f56bfc062723c751e8b465ee728b)
Start importing Assets/SpaceFighter/Art Assets using Guid(5b7b8a17fb87fb544ae37c1840eadc23) Importer(815301076,1909f56bfc062723c751e8b465ee728b)  -> (artifact id: '5dca30c86790bbe50c4bf8f7a10c2e12') in 0.013562 seconds
  Import took 0.016534 seconds .

========================================================================
Received Import Request.
  Time since last request: 3.292211 seconds.
  path: Assets/SpaceFighter/Art Assets/Materials/FighterMedium.mat
  artifactKey: Guid(1882b2a902d151b48b4b2dabe3ec43e7) Importer(815301076,1909f56bfc062723c751e8b465ee728b)
Start importing Assets/SpaceFighter/Art Assets/Materials/FighterMedium.mat using Guid(1882b2a902d151b48b4b2dabe3ec43e7) Importer(815301076,1909f56bfc062723c751e8b465ee728b)  -> (artifact id: '9328657505c7c0ba53f6290befdc4ccb') in 0.091530 seconds
  Import took 0.094450 seconds .

========================================================================
Received Import Request.
  Time since last request: 167.285694 seconds.
  path: Assets/SpaceFighter/Art Assets/Materials
  artifactKey: Guid(1392ed09d9bee164bb9115b51af6791a) Importer(815301076,1909f56bfc062723c751e8b465ee728b)
Start importing Assets/SpaceFighter/Art Assets/Materials using Guid(1392ed09d9bee164bb9115b51af6791a) Importer(815301076,1909f56bfc062723c751e8b465ee728b)  -> (artifact id: '0dd77a1d50843c5e4c1d3fe509a42d7b') in 0.010993 seconds
  Import took 0.015571 seconds .

AssetImportWorkerClient::OnTransportError - code=2 error=End of file
